TN:
SF:src/config/index.js
FNF:0
FNH:0
DA:4,3
DA:6,3
LF:2
LH:2
BRDA:8,0,0,3
BRDA:8,0,1,3
BRDA:9,1,0,3
BRDA:9,1,1,0
BRDA:13,2,0,3
BRDA:13,2,1,3
BRDA:18,3,0,3
BRDA:18,3,1,3
BRDA:19,4,0,3
BRDA:19,4,1,3
BRF:10
BRH:9
end_of_record
TN:
SF:src/controllers/pokemonController.js
FN:10,(anonymous_0)
FN:38,(anonymous_1)
FN:62,(anonymous_2)
FN:89,(anonymous_3)
FN:124,(anonymous_4)
FN:138,(anonymous_5)
FN:159,(anonymous_6)
FN:172,(anonymous_7)
FN:184,(anonymous_8)
FNF:9
FNH:7
FNDA:1,(anonymous_0)
FNDA:2,(anonymous_1)
FNDA:0,(anonymous_2)
FNDA:0,(anonymous_3)
FNDA:2,(anonymous_4)
FNDA:2,(anonymous_5)
FNDA:1,(anonymous_6)
FNDA:1,(anonymous_7)
FNDA:1,(anonymous_8)
DA:10,1
DA:11,1
DA:13,1
DA:14,1
DA:17,1
DA:18,1
DA:21,1
DA:28,0
DA:38,1
DA:39,2
DA:40,2
DA:41,2
DA:43,2
DA:44,1
DA:50,1
DA:52,0
DA:62,1
DA:63,0
DA:64,0
DA:65,0
DA:66,0
DA:68,0
DA:79,0
DA:89,1
DA:90,0
DA:91,0
DA:92,0
DA:93,0
DA:94,0
DA:96,0
DA:97,0
DA:103,0
DA:110,0
DA:124,1
DA:125,2
DA:126,2
DA:127,2
DA:128,2
DA:129,1
DA:131,1
DA:138,1
DA:139,2
DA:140,2
DA:141,2
DA:143,2
DA:144,1
DA:150,1
DA:152,0
DA:159,1
DA:160,1
DA:161,1
DA:162,1
DA:163,1
DA:165,0
DA:172,1
DA:173,1
DA:174,1
DA:175,1
DA:177,0
DA:184,1
DA:185,1
DA:186,1
DA:187,1
DA:188,1
DA:190,1
DA:191,1
DA:197,0
DA:199,0
LF:68
LH:46
BRDA:13,0,0,1
BRDA:13,0,1,1
BRDA:14,1,0,1
BRDA:14,1,1,1
BRDA:43,2,0,1
BRDA:43,2,1,1
BRDA:75,3,0,0
BRDA:75,3,1,0
BRDA:92,4,0,0
BRDA:92,4,1,0
BRDA:96,5,0,0
BRDA:96,5,1,0
BRDA:126,6,0,2
BRDA:126,6,1,1
BRDA:127,7,0,2
BRDA:127,7,1,1
BRDA:143,8,0,1
BRDA:143,8,1,1
BRDA:187,9,0,1
BRDA:187,9,1,1
BRDA:190,10,0,1
BRDA:190,10,1,0
BRF:22
BRH:15
end_of_record
TN:
SF:src/repositories/pokemonRepository.js
FN:13,(anonymous_0)
FN:29,(anonymous_1)
FN:49,(anonymous_2)
FN:69,(anonymous_3)
FN:81,(anonymous_4)
FN:98,(anonymous_5)
FN:112,(anonymous_6)
FN:118,(anonymous_7)
FNF:8
FNH:8
FNDA:1,(anonymous_0)
FNDA:2,(anonymous_1)
FNDA:2,(anonymous_2)
FNDA:1,(anonymous_3)
FNDA:3,(anonymous_4)
FNDA:1,(anonymous_5)
FNDA:2,(anonymous_6)
FNDA:2,(anonymous_7)
DA:5,1
DA:13,1
DA:14,1
DA:15,1
DA:18,1
DA:20,0
DA:29,1
DA:30,2
DA:31,2
DA:34,1
DA:37,1
DA:38,1
DA:40,0
DA:49,1
DA:50,2
DA:51,2
DA:54,1
DA:56,1
DA:57,1
DA:59,0
DA:69,1
DA:73,1
DA:75,1
DA:80,1
DA:81,1
DA:82,3
DA:85,1
DA:90,0
DA:98,1
DA:99,1
DA:100,1
DA:101,1
DA:103,0
DA:112,1
DA:113,2
DA:114,2
DA:118,2
DA:120,1
DA:121,1
DA:123,0
LF:40
LH:34
BRDA:13,0,0,0
BRDA:13,1,0,0
BRDA:37,2,0,1
BRDA:37,2,1,0
BRDA:37,3,0,1
BRDA:37,3,1,1
BRDA:56,4,0,1
BRDA:56,4,1,0
BRDA:56,5,0,1
BRDA:56,5,1,1
BRDA:71,6,0,0
BRDA:120,7,0,1
BRDA:120,7,1,0
BRDA:120,8,0,1
BRDA:120,8,1,1
BRF:15
BRH:9
end_of_record
TN:
SF:src/routes/index.js
FNF:0
FNH:0
DA:4,1
DA:7,1
LF:2
LH:2
BRF:0
BRH:0
end_of_record
TN:
SF:src/routes/pokemonRoutes.js
FNF:0
FNH:0
DA:4,1
DA:7,1
DA:8,1
DA:9,1
DA:10,1
DA:13,1
DA:14,1
DA:15,1
DA:16,1
DA:17,1
LF:10
LH:10
BRF:0
BRH:0
end_of_record
TN:
SF:src/services/pokemonService.js
FN:7,(anonymous_0)
FN:10,(anonymous_1)
FN:14,(anonymous_2)
FN:29,(anonymous_3)
FN:32,(anonymous_4)
FN:36,(anonymous_5)
FN:38,(anonymous_6)
FN:43,(anonymous_7)
FN:56,(anonymous_8)
FN:61,(anonymous_9)
FN:80,(anonymous_10)
FN:99,(anonymous_11)
FN:107,(anonymous_12)
FN:111,(anonymous_13)
FN:123,(anonymous_14)
FN:142,(anonymous_15)
FN:146,(anonymous_16)
FN:156,(anonymous_17)
FN:160,(anonymous_18)
FN:161,(anonymous_19)
FN:167,(anonymous_20)
FN:181,(anonymous_21)
FN:185,(anonymous_22)
FNF:23
FNH:23
FNDA:88,(anonymous_0)
FNDA:117,(anonymous_1)
FNDA:174,(anonymous_2)
FNDA:29,(anonymous_3)
FNDA:28,(anonymous_4)
FNDA:28,(anonymous_5)
FNDA:174,(anonymous_6)
FNDA:174,(anonymous_7)
FNDA:29,(anonymous_8)
FNDA:58,(anonymous_9)
FNDA:30,(anonymous_10)
FNDA:1,(anonymous_11)
FNDA:2,(anonymous_12)
FNDA:2,(anonymous_13)
FNDA:3,(anonymous_14)
FNDA:2,(anonymous_15)
FNDA:2,(anonymous_16)
FNDA:1,(anonymous_17)
FNDA:4,(anonymous_18)
FNDA:1,(anonymous_19)
FNDA:2,(anonymous_20)
FNDA:20,(anonymous_21)
FNDA:20,(anonymous_22)
DA:7,1
DA:8,88
DA:10,117
DA:14,1
DA:15,174
DA:23,174
DA:29,1
DA:31,29
DA:32,28
DA:36,29
DA:38,174
DA:43,174
DA:45,29
DA:56,29
DA:61,58
DA:80,1
DA:81,30
DA:82,30
DA:83,1
DA:86,29
DA:87,29
DA:88,29
DA:93,29
DA:99,1
DA:103,1
DA:104,1
DA:106,1
DA:107,2
DA:110,1
DA:111,2
DA:123,1
DA:124,3
DA:125,1
DA:128,2
DA:129,2
DA:130,1
DA:131,1
DA:137,1
DA:139,1
DA:142,2
DA:145,1
DA:146,2
DA:154,1
DA:156,1
DA:157,1
DA:159,1
DA:160,4
DA:161,1
DA:167,1
DA:172,2
DA:173,2
DA:174,1
DA:177,1
DA:178,1
DA:180,1
DA:181,20
DA:184,1
DA:185,20
LF:58
LH:58
BRDA:23,0,0,174
BRDA:23,0,1,0
BRDA:29,1,0,0
BRDA:31,2,0,29
BRDA:31,2,1,1
BRDA:36,3,0,29
BRDA:36,3,1,1
BRDA:51,4,0,29
BRDA:51,4,1,0
BRDA:51,4,2,0
BRDA:54,5,0,29
BRDA:54,5,1,0
BRDA:71,6,0,29
BRDA:71,6,1,1
BRDA:72,7,0,29
BRDA:72,7,1,1
BRDA:73,8,0,29
BRDA:73,8,1,1
BRDA:82,9,0,1
BRDA:82,9,1,29
BRDA:100,10,0,0
BRDA:101,11,0,0
BRDA:124,12,0,1
BRDA:124,12,1,2
BRDA:124,13,0,3
BRDA:124,13,1,3
BRDA:129,14,0,1
BRDA:129,14,1,1
BRDA:132,15,0,1
BRDA:132,15,1,0
BRDA:133,16,0,1
BRDA:133,16,1,0
BRDA:169,17,0,1
BRDA:170,18,0,1
BRDA:173,19,0,1
BRDA:173,19,1,1
BRF:36
BRH:27
end_of_record
